<?xml version="1.0" encoding="UTF-8"?>
<testng-results skipped="0" failed="0" ignored="0" total="1" passed="1">
  <reporter-output>
  </reporter-output>
  <suite name="regression" duration-ms="24144" started-at="2022-02-14T11:12:38 CST" finished-at="2022-02-14T11:13:02 CST">
    <groups>
    </groups>
    <test name="AllTests" duration-ms="24144" started-at="2022-02-14T11:12:38 CST" finished-at="2022-02-14T11:13:02 CST">
      <class name="test.AllTests">
        <test-method status="PASS" signature="validUserShouldBeAbleToAddDuplicateCategory(java.lang.String)[pri:2, instance:test.AllTests@6acdbdf5]" name="validUserShouldBeAbleToAddDuplicateCategory" duration-ms="24083" started-at="2022-02-14T11:12:38 CST" finished-at="2022-02-14T11:13:02 CST">
          <params>
            <param index="0">
              <value>
                <![CDATA[Sergio]]>
              </value>
            </param>
          </params>
          <reporter-output>
          </reporter-output>
        </test-method> <!-- validUserShouldBeAbleToAddDuplicateCategory -->
      </class> <!-- test.AllTests -->
    </test> <!-- AllTests -->
  </suite> <!-- regression -->
</testng-results>
